[2015-10-05 03:17:20.923][debug][command:7ec75811-88a7-4b4e-ad6e-bda6a22a5534][tid:12][com.facebook.buck.cli.Main] Starting up (build date 2015-10-03 04:38:54 +0800, rev 62daf805d69451e46dc6767cbc85f08811d1b415), args: [build, //app:bin]
[2015-10-05 03:17:20.927][debug][command:7ec75811-88a7-4b4e-ad6e-bda6a22a5534][tid:12][com.facebook.buck.cli.Main] System properties: {java.vendor=Oracle Corporation, sun.java.launcher=SUN_STANDARD, sun.management.compiler=HotSpot 64-Bit Tiered Compilers, jnidispatch.path=/Users/liujianying/Desktop/Youment/.buckd/tmp/buck_run.h4joV_/jna-660157197/jna8103164009344955219.tmp, os.name=Mac OS X, sun.boot.class.path=/Library/Java/JavaVirtualMachines/jdk1.7.0_75.jdk/Contents/Home/jre/lib/resources.jar:/Library/Java/JavaVirtualMachines/jdk1.7.0_75.jdk/Contents/Home/jre/lib/rt.jar:/Library/Java/JavaVirtualMachines/jdk1.7.0_75.jdk/Contents/Home/jre/lib/sunrsasign.jar:/Library/Java/JavaVirtualMachines/jdk1.7.0_75.jdk/Contents/Home/jre/lib/jsse.jar:/Library/Java/JavaVirtualMachines/jdk1.7.0_75.jdk/Contents/Home/jre/lib/jce.jar:/Library/Java/JavaVirtualMachines/jdk1.7.0_75.jdk/Contents/Home/jre/lib/charsets.jar:/Library/Java/JavaVirtualMachines/jdk1.7.0_75.jdk/Contents/Home/jre/lib/jfr.jar:/Library/Java/JavaVirtualMachines/jdk1.7.0_75.jdk/Contents/Home/jre/classes, java.vm.specification.vendor=Oracle Corporation, java.runtime.version=1.7.0_75-b13, buck.path_to_intellij_py=/Users/liujianying/buck/src/com/facebook/buck/command/intellij.py, buck.testrunner_classes=/Users/liujianying/buck/build/testrunner/classes, buck.logging_config_file=/Users/liujianying/buck/config/logging.properties, buck.path_to_sh_binary_template=/Users/liujianying/buck/src/com/facebook/buck/shell/sh_binary_template, user.name=liujianying, buck.path_to_pywatchman=/Users/liujianying/buck/third-party/py/pywatchman, buck.report_generator_jar=/Users/liujianying/buck/build/report-generator.jar, buck.path_to_python_test_main=/Users/liujianying/buck/src/com/facebook/buck/python/__test_main__.py, buck.git_commit=62daf805d69451e46dc6767cbc85f08811d1b415, user.language=zh, sun.boot.library.path=/Library/Java/JavaVirtualMachines/jdk1.7.0_75.jdk/Contents/Home/jre/lib, java.version=1.7.0_75, user.timezone=Asia/Shanghai, buck.test_util_no_tests_dir=true, sun.arch.data.model=64, java.endorsed.dirs=/Library/Java/JavaVirtualMachines/jdk1.7.0_75.jdk/Contents/Home/jre/lib/endorsed, sun.cpu.isalist=, sun.jnu.encoding=UTF-8, file.encoding.pkg=sun.io, file.separator=/, java.specification.name=Java Platform API Specification, buck.jacoco_agent_jar=/Users/liujianying/buck/third-party/java/jacoco/jacocoagent.jar, java.class.version=51.0, user.country=CN, java.home=/Library/Java/JavaVirtualMachines/jdk1.7.0_75.jdk/Contents/Home/jre, java.vm.info=mixed mode, os.version=10.11, buck.path_to_static_content=/Users/liujianying/buck/webserver/static, buck.version_uid=62daf805d69451e46dc6767cbc85f08811d1b415, org.eclipse.jetty.util.log.class=org.eclipse.jetty.util.log.JavaUtilLog, buck.abi_processor_classes=/Users/liujianying/buck/build/abi_processor/classes, path.separator=:, java.vm.version=24.75-b04, java.awt.printerjob=sun.lwawt.macosx.CPrinterJob, sun.io.unicode.encoding=UnicodeBig, awt.toolkit=sun.lwawt.macosx.LWCToolkit, buck.dx=/Users/liujianying/buck/third-party/java/dx/etc/dx, buck.git_commit_timestamp=1443818334, user.home=/Users/liujianying, buck.path_to_asm_jar=/Users/liujianying/buck/third-party/java/asm/asm-debug-all-5.0.3.jar, java.specification.vendor=Oracle Corporation, buck.git_dirty=0, java.library.path=/Users/liujianying/Library/Java/Extensions:/Library/Java/Extensions:/Network/Library/Java/Extensions:/System/Library/Java/Extensions:/usr/lib/java:., java.vendor.url=http://java.oracle.com/, java.vm.vendor=Oracle Corporation, gopherProxySet=false, java.runtime.name=Java(TM) SE Runtime Environment, sun.java.command=com.facebook.buck.cli.bootstrapper.ClassLoaderBootstrapper com.martiansoftware.nailgun.NGServer local:.buckd/sock 60000, java.class.path=/Users/liujianying/buck/build/bootstrapper/bootstrapper.jar, buck.buckd_dir=/Users/liujianying/Desktop/Youment/.buckd, buck.path_to_pathlib_py=/Users/liujianying/buck/third-party/py/pathlib/pathlib.py, buck.buckd_launch_time_nanos=172278030117290, java.vm.specification.name=Java Virtual Machine Specification, com.martiansoftware.nailgun.NGServer.outputPath=/Users/liujianying/Desktop/Youment/.buckd/tmp/buck_run.h4joV_/ngserver-out, java.vm.specification.version=1.7, sun.cpu.endian=little, sun.os.patch.level=unknown, java.awt.headless=true, java.io.tmpdir=/Users/liujianying/Desktop/Youment/.buckd/tmp/buck_run.h4joV_, buck.android_agent_path=/Users/liujianying/buck/assets/android/agent.apk, java.vendor.url.bug=http://bugreport.sun.com/bugreport/, jna.platform.library.path=/usr/lib:/usr/lib, os.arch=x86_64, java.awt.graphicsenv=sun.awt.CGraphicsEnvironment, buck.path_to_pex=/Users/liujianying/buck/src/com/facebook/buck/python/pex.py, java.ext.dirs=/Users/liujianying/Library/Java/Extensions:/Library/Java/JavaVirtualMachines/jdk1.7.0_75.jdk/Contents/Home/jre/lib/ext:/Library/Java/Extensions:/Network/Library/Java/Extensions:/System/Library/Java/Extensions:/usr/lib/java, java.util.logging.config.class=com.facebook.buck.cli.bootstrapper.LogConfig, user.dir=/Users/liujianying/Desktop/Youment, line.separator=
, java.vm.name=Java HotSpot(TM) 64-Bit Server VM, buck.native_exopackage_fake_path=/Users/liujianying/buck/assets/android/native-exopackage-fakes.apk, file.encoding=UTF-8, java.specification.version=1.7}
[2015-10-05 03:17:21.057][debug][command:7ec75811-88a7-4b4e-ad6e-bda6a22a5534][tid:12][com.facebook.buck.cli.Config] Loaded a configuration file /Users/liujianying/.buckconfig: {}
[2015-10-05 03:17:21.063][debug][command:7ec75811-88a7-4b4e-ad6e-bda6a22a5534][tid:12][com.facebook.buck.cli.Config] Loaded a configuration file /Users/liujianying/Desktop/Youment/.buckconfig: {alias={app=//app:bin}, android={target=android-23}, project={ignore=.git}}
[2015-10-05 03:17:21.063][debug][command:7ec75811-88a7-4b4e-ad6e-bda6a22a5534][tid:12][com.facebook.buck.cli.Config] Adding configuration overrides: {}
[2015-10-05 03:17:21.146][info ][command:7ec75811-88a7-4b4e-ad6e-bda6a22a5534][tid:12][com.facebook.buck.io.Watchman] Creating for: .
[2015-10-05 03:17:21.167][debug][command:7ec75811-88a7-4b4e-ad6e-bda6a22a5534][tid:12][com.facebook.buck.util.ListeningProcessExecutor] Launching process with params ProcessExecutorParams{command=[/usr/local/bin/watchman, version], directory=Optional.absent(), environment=Optional.absent(), redirectInput=Optional.absent(), redirectOutput=Optional.absent(), redirectError=Optional.absent()}
[2015-10-05 03:17:21.230][debug][command:7ec75811-88a7-4b4e-ad6e-bda6a22a5534][tid:12][com.facebook.buck.util.ListeningProcessExecutor] Successfully launched process com.zaxxer.nuprocess.osx.OsxProcess@455e3f91
[2015-10-05 03:17:21.231][debug][command:7ec75811-88a7-4b4e-ad6e-bda6a22a5534][tid:12][com.facebook.buck.util.ListeningProcessExecutor] Waiting for process com.facebook.buck.util.ListeningProcessExecutor$LaunchedProcessImpl@2e9f6c2b timeout 1000000000 NANOSECONDS
[2015-10-05 03:17:21.238][debug][command:7ec75811-88a7-4b4e-ad6e-bda6a22a5534][tid:12][com.facebook.buck.util.ListeningProcessExecutor] Wait for process returned 0
[2015-10-05 03:17:21.282][info ][command:7ec75811-88a7-4b4e-ad6e-bda6a22a5534][tid:12][com.facebook.buck.io.Watchman] Adding watchman root: /Users/liujianying/Desktop/Youment/.
[2015-10-05 03:17:21.282][debug][command:7ec75811-88a7-4b4e-ad6e-bda6a22a5534][tid:12][com.facebook.buck.util.ListeningProcessExecutor] Launching process with params ProcessExecutorParams{command=[/usr/local/bin/watchman, watch-project, /Users/liujianying/Desktop/Youment/.], directory=Optional.absent(), environment=Optional.absent(), redirectInput=Optional.absent(), redirectOutput=Optional.absent(), redirectError=Optional.absent()}
[2015-10-05 03:17:21.285][debug][command:7ec75811-88a7-4b4e-ad6e-bda6a22a5534][tid:12][com.facebook.buck.util.ListeningProcessExecutor] Successfully launched process com.zaxxer.nuprocess.osx.OsxProcess@6c0f34ef
[2015-10-05 03:17:21.286][debug][command:7ec75811-88a7-4b4e-ad6e-bda6a22a5534][tid:12][com.facebook.buck.util.ListeningProcessExecutor] Waiting for process com.facebook.buck.util.ListeningProcessExecutor$LaunchedProcessImpl@5a5c6e55 timeout 1000000000 NANOSECONDS
[2015-10-05 03:17:21.394][debug][command:7ec75811-88a7-4b4e-ad6e-bda6a22a5534][tid:12][com.facebook.buck.util.ListeningProcessExecutor] Wait for process returned 0
[2015-10-05 03:17:21.394][info ][command:7ec75811-88a7-4b4e-ad6e-bda6a22a5534][tid:12][com.facebook.buck.io.Watchman] Took 112 ms to add root /Users/liujianying/Desktop/Youment/.
[2015-10-05 03:17:21.395][debug][command:7ec75811-88a7-4b4e-ad6e-bda6a22a5534][tid:12][com.facebook.buck.cli.Main] Watchman capabilities: [SUPPORTS_PROJECT_WATCH, DIRNAME, WILDMATCH_GLOB] Watch root: Optional.of(/Users/liujianying/Desktop/Youment) Project prefix: Optional.absent() Glob handler config: PYTHON Final glob handler: PYTHON
[2015-10-05 03:17:21.444][debug][command:7ec75811-88a7-4b4e-ad6e-bda6a22a5534][tid:12][com.facebook.buck.apple.AppleToolchainDiscovery] Searching for Xcode toolchains under /Applications/Xcode.app/Contents/Developer/Toolchains
[2015-10-05 03:17:21.446][debug][command:7ec75811-88a7-4b4e-ad6e-bda6a22a5534][tid:12][com.facebook.buck.apple.AppleToolchainDiscovery] Searching for Xcode toolchains in /Applications/Xcode.app/Contents/Developer/Toolchains
[2015-10-05 03:17:21.447][debug][command:7ec75811-88a7-4b4e-ad6e-bda6a22a5534][tid:12][com.facebook.buck.apple.AppleToolchainDiscovery] Getting identifier for for Xcode toolchain under /Applications/Xcode.app/Contents/Developer/Toolchains/XcodeDefault.xctoolchain
[2015-10-05 03:17:21.487][debug][command:7ec75811-88a7-4b4e-ad6e-bda6a22a5534][tid:12][com.facebook.buck.apple.AppleToolchainDiscovery] Mapped SDK identifier com.apple.dt.toolchain.XcodeDefault to path /Applications/Xcode.app/Contents/Developer/Toolchains/XcodeDefault.xctoolchain
[2015-10-05 03:17:21.494][debug][command:7ec75811-88a7-4b4e-ad6e-bda6a22a5534][tid:12][com.facebook.buck.apple.AppleSdkDiscovery] Searching for Xcode platforms under /Applications/Xcode.app/Contents/Developer/Platforms
[2015-10-05 03:17:21.496][debug][command:7ec75811-88a7-4b4e-ad6e-bda6a22a5534][tid:12][com.facebook.buck.apple.AppleSdkDiscovery] Searching for Xcode SDKs in /Applications/Xcode.app/Contents/Developer/Platforms
[2015-10-05 03:17:21.498][debug][command:7ec75811-88a7-4b4e-ad6e-bda6a22a5534][tid:12][com.facebook.buck.apple.AppleSdkDiscovery] Fetching SDK name for /Applications/Xcode.app/Contents/Developer/Platforms/iPhoneOS.platform/Developer/SDKs/iPhoneOS.sdk
[2015-10-05 03:17:21.507][debug][command:7ec75811-88a7-4b4e-ad6e-bda6a22a5534][tid:12][com.facebook.buck.apple.AppleSdkDiscovery] Specified toolchain com.apple.dt.toolchain.iOS9_0 not found for SDK path /Applications/Xcode.app/Contents/Developer/Platforms/iPhoneOS.platform/Developer/SDKs/iPhoneOS.sdk
[2015-10-05 03:17:21.510][debug][command:7ec75811-88a7-4b4e-ad6e-bda6a22a5534][tid:12][com.facebook.buck.apple.AppleSdkDiscovery] Found SDK AppleSdk{name=iphoneos9.0, version=9.0, applePlatform=ApplePlatform{name=iphoneos}, architectures=[armv7, arm64], toolchains=[AppleToolchain{identifier=com.apple.dt.toolchain.XcodeDefault, version=15A268, path=/Applications/Xcode.app/Contents/Developer/Toolchains/XcodeDefault.xctoolchain}]}
[2015-10-05 03:17:21.515][debug][command:7ec75811-88a7-4b4e-ad6e-bda6a22a5534][tid:12][com.facebook.buck.apple.AppleSdkDiscovery] Fetching SDK name for /Applications/Xcode.app/Contents/Developer/Platforms/iPhoneOS.platform/Developer/SDKs/iPhoneOS9.0.sdk
[2015-10-05 03:17:21.516][debug][command:7ec75811-88a7-4b4e-ad6e-bda6a22a5534][tid:12][com.facebook.buck.apple.AppleSdkDiscovery] Fetching SDK name for /Applications/Xcode.app/Contents/Developer/Platforms/iPhoneSimulator.platform/Developer/SDKs/iPhoneSimulator.sdk
[2015-10-05 03:17:21.521][debug][command:7ec75811-88a7-4b4e-ad6e-bda6a22a5534][tid:12][com.facebook.buck.apple.AppleSdkDiscovery] Specified toolchain com.apple.dt.toolchain.iOS9_0 not found for SDK path /Applications/Xcode.app/Contents/Developer/Platforms/iPhoneSimulator.platform/Developer/SDKs/iPhoneSimulator.sdk
[2015-10-05 03:17:21.521][debug][command:7ec75811-88a7-4b4e-ad6e-bda6a22a5534][tid:12][com.facebook.buck.apple.AppleSdkDiscovery] Found SDK AppleSdk{name=iphonesimulator9.0, version=9.0, applePlatform=ApplePlatform{name=iphonesimulator}, architectures=[i386, x86_64], toolchains=[AppleToolchain{identifier=com.apple.dt.toolchain.XcodeDefault, version=15A268, path=/Applications/Xcode.app/Contents/Developer/Toolchains/XcodeDefault.xctoolchain}]}
[2015-10-05 03:17:21.522][debug][command:7ec75811-88a7-4b4e-ad6e-bda6a22a5534][tid:12][com.facebook.buck.apple.AppleSdkDiscovery] Fetching SDK name for /Applications/Xcode.app/Contents/Developer/Platforms/iPhoneSimulator.platform/Developer/SDKs/iPhoneSimulator9.0.sdk
[2015-10-05 03:17:21.523][debug][command:7ec75811-88a7-4b4e-ad6e-bda6a22a5534][tid:12][com.facebook.buck.apple.AppleSdkDiscovery] Fetching SDK name for /Applications/Xcode.app/Contents/Developer/Platforms/MacOSX.platform/Developer/SDKs/MacOSX10.11.sdk
[2015-10-05 03:17:21.527][debug][command:7ec75811-88a7-4b4e-ad6e-bda6a22a5534][tid:12][com.facebook.buck.apple.AppleSdkDiscovery] Found SDK AppleSdk{name=macosx10.11, version=10.11, applePlatform=ApplePlatform{name=macosx}, architectures=[i386, x86_64], toolchains=[AppleToolchain{identifier=com.apple.dt.toolchain.XcodeDefault, version=15A268, path=/Applications/Xcode.app/Contents/Developer/Toolchains/XcodeDefault.xctoolchain}]}
[2015-10-05 03:17:21.528][debug][command:7ec75811-88a7-4b4e-ad6e-bda6a22a5534][tid:12][com.facebook.buck.apple.AppleSdkDiscovery] Fetching SDK name for /Applications/Xcode.app/Contents/Developer/Platforms/WatchOS.platform/Developer/SDKs/WatchOS.sdk
[2015-10-05 03:17:21.531][debug][command:7ec75811-88a7-4b4e-ad6e-bda6a22a5534][tid:12][com.facebook.buck.apple.AppleSdkDiscovery] Specified toolchain com.apple.dt.toolchain.WatchOS2_0 not found for SDK path /Applications/Xcode.app/Contents/Developer/Platforms/WatchOS.platform/Developer/SDKs/WatchOS.sdk
[2015-10-05 03:17:21.531][debug][command:7ec75811-88a7-4b4e-ad6e-bda6a22a5534][tid:12][com.facebook.buck.apple.AppleSdkDiscovery] Found SDK AppleSdk{name=watchos2.0, version=2.0, applePlatform=ApplePlatform{name=watchos}, architectures=[armv7k], toolchains=[AppleToolchain{identifier=com.apple.dt.toolchain.XcodeDefault, version=15A268, path=/Applications/Xcode.app/Contents/Developer/Toolchains/XcodeDefault.xctoolchain}]}
[2015-10-05 03:17:21.531][debug][command:7ec75811-88a7-4b4e-ad6e-bda6a22a5534][tid:12][com.facebook.buck.apple.AppleSdkDiscovery] Fetching SDK name for /Applications/Xcode.app/Contents/Developer/Platforms/WatchOS.platform/Developer/SDKs/WatchOS2.0.sdk
[2015-10-05 03:17:21.533][debug][command:7ec75811-88a7-4b4e-ad6e-bda6a22a5534][tid:12][com.facebook.buck.apple.AppleSdkDiscovery] Fetching SDK name for /Applications/Xcode.app/Contents/Developer/Platforms/WatchSimulator.platform/Developer/SDKs/WatchSimulator.sdk
[2015-10-05 03:17:21.537][debug][command:7ec75811-88a7-4b4e-ad6e-bda6a22a5534][tid:12][com.facebook.buck.apple.AppleSdkDiscovery] Specified toolchain com.apple.dt.toolchain.WatchOS2_0 not found for SDK path /Applications/Xcode.app/Contents/Developer/Platforms/WatchSimulator.platform/Developer/SDKs/WatchSimulator.sdk
[2015-10-05 03:17:21.537][debug][command:7ec75811-88a7-4b4e-ad6e-bda6a22a5534][tid:12][com.facebook.buck.apple.AppleSdkDiscovery] Found SDK AppleSdk{name=watchsimulator2.0, version=2.0, applePlatform=ApplePlatform{name=watchsimulator}, architectures=[i386], toolchains=[AppleToolchain{identifier=com.apple.dt.toolchain.XcodeDefault, version=15A268, path=/Applications/Xcode.app/Contents/Developer/Toolchains/XcodeDefault.xctoolchain}]}
[2015-10-05 03:17:21.538][debug][command:7ec75811-88a7-4b4e-ad6e-bda6a22a5534][tid:12][com.facebook.buck.apple.AppleSdkDiscovery] Fetching SDK name for /Applications/Xcode.app/Contents/Developer/Platforms/WatchSimulator.platform/Developer/SDKs/WatchSimulator2.0.sdk
[2015-10-05 03:17:21.541][debug][command:7ec75811-88a7-4b4e-ad6e-bda6a22a5534][tid:12][com.facebook.buck.rules.KnownBuildRuleTypes] SDK AppleSdk{name=iphoneos9.0, version=9.0, applePlatform=ApplePlatform{name=iphoneos}, architectures=[armv7, arm64], toolchains=[AppleToolchain{identifier=com.apple.dt.toolchain.XcodeDefault, version=15A268, path=/Applications/Xcode.app/Contents/Developer/Toolchains/XcodeDefault.xctoolchain}]} using default version 9.0
[2015-10-05 03:17:21.636][debug][command:7ec75811-88a7-4b4e-ad6e-bda6a22a5534][tid:12][com.facebook.buck.rules.KnownBuildRuleTypes] SDK AppleSdk{name=iphonesimulator9.0, version=9.0, applePlatform=ApplePlatform{name=iphonesimulator}, architectures=[i386, x86_64], toolchains=[AppleToolchain{identifier=com.apple.dt.toolchain.XcodeDefault, version=15A268, path=/Applications/Xcode.app/Contents/Developer/Toolchains/XcodeDefault.xctoolchain}]} using default version 9.0
[2015-10-05 03:17:21.648][debug][command:7ec75811-88a7-4b4e-ad6e-bda6a22a5534][tid:12][com.facebook.buck.rules.KnownBuildRuleTypes] SDK AppleSdk{name=macosx10.11, version=10.11, applePlatform=ApplePlatform{name=macosx}, architectures=[i386, x86_64], toolchains=[AppleToolchain{identifier=com.apple.dt.toolchain.XcodeDefault, version=15A268, path=/Applications/Xcode.app/Contents/Developer/Toolchains/XcodeDefault.xctoolchain}]} using default version 10.11
[2015-10-05 03:17:21.658][debug][command:7ec75811-88a7-4b4e-ad6e-bda6a22a5534][tid:12][com.facebook.buck.rules.KnownBuildRuleTypes] SDK AppleSdk{name=watchos2.0, version=2.0, applePlatform=ApplePlatform{name=watchos}, architectures=[armv7k], toolchains=[AppleToolchain{identifier=com.apple.dt.toolchain.XcodeDefault, version=15A268, path=/Applications/Xcode.app/Contents/Developer/Toolchains/XcodeDefault.xctoolchain}]} using default version 2.0
[2015-10-05 03:17:21.664][debug][command:7ec75811-88a7-4b4e-ad6e-bda6a22a5534][tid:12][com.facebook.buck.rules.KnownBuildRuleTypes] SDK AppleSdk{name=watchsimulator2.0, version=2.0, applePlatform=ApplePlatform{name=watchsimulator}, architectures=[i386], toolchains=[AppleToolchain{identifier=com.apple.dt.toolchain.XcodeDefault, version=15A268, path=/Applications/Xcode.app/Contents/Developer/Toolchains/XcodeDefault.xctoolchain}]} using default version 2.0
[2015-10-05 03:17:21.672][debug][command:7ec75811-88a7-4b4e-ad6e-bda6a22a5534][tid:12][com.facebook.buck.rules.KnownBuildRuleTypes] SDK AppleSdk{name=iphoneos, version=9.0, applePlatform=ApplePlatform{name=iphoneos}, architectures=[armv7, arm64], toolchains=[AppleToolchain{identifier=com.apple.dt.toolchain.XcodeDefault, version=15A268, path=/Applications/Xcode.app/Contents/Developer/Toolchains/XcodeDefault.xctoolchain}]} using default version 9.0
[2015-10-05 03:17:21.680][debug][command:7ec75811-88a7-4b4e-ad6e-bda6a22a5534][tid:12][com.facebook.buck.rules.KnownBuildRuleTypes] SDK AppleSdk{name=iphonesimulator, version=9.0, applePlatform=ApplePlatform{name=iphonesimulator}, architectures=[i386, x86_64], toolchains=[AppleToolchain{identifier=com.apple.dt.toolchain.XcodeDefault, version=15A268, path=/Applications/Xcode.app/Contents/Developer/Toolchains/XcodeDefault.xctoolchain}]} using default version 9.0
[2015-10-05 03:17:21.687][debug][command:7ec75811-88a7-4b4e-ad6e-bda6a22a5534][tid:12][com.facebook.buck.rules.KnownBuildRuleTypes] SDK AppleSdk{name=macosx, version=10.11, applePlatform=ApplePlatform{name=macosx}, architectures=[i386, x86_64], toolchains=[AppleToolchain{identifier=com.apple.dt.toolchain.XcodeDefault, version=15A268, path=/Applications/Xcode.app/Contents/Developer/Toolchains/XcodeDefault.xctoolchain}]} using default version 10.11
[2015-10-05 03:17:21.693][debug][command:7ec75811-88a7-4b4e-ad6e-bda6a22a5534][tid:12][com.facebook.buck.rules.KnownBuildRuleTypes] SDK AppleSdk{name=watchos, version=2.0, applePlatform=ApplePlatform{name=watchos}, architectures=[armv7k], toolchains=[AppleToolchain{identifier=com.apple.dt.toolchain.XcodeDefault, version=15A268, path=/Applications/Xcode.app/Contents/Developer/Toolchains/XcodeDefault.xctoolchain}]} using default version 2.0
[2015-10-05 03:17:21.697][debug][command:7ec75811-88a7-4b4e-ad6e-bda6a22a5534][tid:12][com.facebook.buck.rules.KnownBuildRuleTypes] SDK AppleSdk{name=watchsimulator, version=2.0, applePlatform=ApplePlatform{name=watchsimulator}, architectures=[i386], toolchains=[AppleToolchain{identifier=com.apple.dt.toolchain.XcodeDefault, version=15A268, path=/Applications/Xcode.app/Contents/Developer/Toolchains/XcodeDefault.xctoolchain}]} using default version 2.0
[2015-10-05 03:17:21.702][debug][command:7ec75811-88a7-4b4e-ad6e-bda6a22a5534][tid:12][com.facebook.buck.cxx.CxxPlatforms] Using system default C++ platform CxxPlatform{flavor=default, as=com.facebook.buck.rules.HashedFileTool@5422e600, asflags=[], aspp=com.facebook.buck.cxx.ClangPreprocessor@3f2a3527, asppflags=[], cc=com.facebook.buck.cxx.ClangCompiler@6c07b3d6, cflags=[], cxx=com.facebook.buck.cxx.ClangCompiler@6dafde02, cxxflags=[], cpp=com.facebook.buck.cxx.ClangPreprocessor@35188d90, cppflags=[], cxxpp=com.facebook.buck.cxx.ClangPreprocessor@5ef6042b, cxxppflags=[], ld=com.facebook.buck.cxx.DarwinLinker@698bd3c1, ldflags=[], runtimeLdflags={}, strip=com.facebook.buck.rules.HashedFileTool@5afb5a09, stripFlags=[], ar=com.facebook.buck.cxx.BsdArchiver@2bd43389, arflags=[], lex=Optional.of(com.facebook.buck.rules.HashedFileTool@78837dd9), lexFlags=[], yacc=Optional.of(com.facebook.buck.rules.HashedFileTool@bb6f5f), yaccFlags=[-y], sharedLibraryExtension=dylib, debugPathSanitizer=com.facebook.buck.cxx.DebugPathSanitizer@118cc659, flagMacros={}}
[2015-10-05 03:17:22.340][debug][command:7ec75811-88a7-4b4e-ad6e-bda6a22a5534][tid:12][com.facebook.buck.apple.AppleConfig] Found code signing identity: CodeSignIdentity{hash=D3601A1349769476FDA3AF12ECA3F67AE08CFA0F, fullName=iPhone Developer: lin qingye (TRA5ENGZRX)}
[2015-10-05 03:17:22.341][debug][command:7ec75811-88a7-4b4e-ad6e-bda6a22a5534][tid:12][com.facebook.buck.apple.AppleConfig] Found code signing identity: CodeSignIdentity{hash=0E58E786A04263E26EA67256255FAD0712BA4B68, fullName=iPhone Distribution: Fujian Yidinghuo Network Technology Co., ltd. (E6QM6U4F8K)}
[2015-10-05 03:17:22.341][debug][command:7ec75811-88a7-4b4e-ad6e-bda6a22a5534][tid:12][com.facebook.buck.apple.AppleConfig] Found code signing identity: CodeSignIdentity{hash=3CC776727296E33D8DBA19503B1BF56E131D45FF, fullName=iPhone Developer: li li (Y597R4P3TJ)}
[2015-10-05 03:17:22.341][debug][command:7ec75811-88a7-4b4e-ad6e-bda6a22a5534][tid:12][com.facebook.buck.apple.AppleConfig] Found code signing identity: CodeSignIdentity{hash=372499CC520618B72FBC0D0F90DC5CD4394CF709, fullName=iPhone Distribution: FuJian Weile Network Technology Co., Ltd.}
[2015-10-05 03:17:22.341][info ][command:7ec75811-88a7-4b4e-ad6e-bda6a22a5534][tid:12][com.facebook.buck.apple.AppleConfig] More than 1 valid identity found.  This could potentially  cause the wrong one to be used unless explicitly specified via CODE_SIGN_IDENTITY.
[2015-10-05 03:17:22.440][debug][command:7ec75811-88a7-4b4e-ad6e-bda6a22a5534][tid:12][com.facebook.buck.cli.Main] Starting up daemon for project root [/Users/liujianying/Desktop/Youment]
[2015-10-05 03:17:22.533][warn ][command:7ec75811-88a7-4b4e-ad6e-bda6a22a5534][tid:12][com.facebook.buck.cli.Main] Can't start web server
[2015-10-05 03:17:22.549][debug][command:7ec75811-88a7-4b4e-ad6e-bda6a22a5534][tid:12][com.facebook.buck.event.listener.SuperConsoleEventBusListener] Starting render scheduler (interval 100 ms)
[2015-10-05 03:17:22.831][debug][command:7ec75811-88a7-4b4e-ad6e-bda6a22a5534][tid:35][com.facebook.buck.event.listener.LoggingBuildListener] CommandStarted(build, isDaemon: true)
[2015-10-05 03:17:22.840][debug][command:7ec75811-88a7-4b4e-ad6e-bda6a22a5534][tid:12][com.facebook.buck.util.WatchmanWatcher] Writing query to Watchman: ["query","/Users/liujianying/Desktop/Youment",{"since":"n:buckd3a49f03c-c07a-4366-aeb5-9b4225373546","expression":["not",["anyof",["type","d"],["dirname","buck-out"],["dirname",".idea"],["dirname",".buckd"],["dirname","buck-cache"],["dirname",".git"],["match","*.pbxproj"],["match","*.xcscheme"],["match","*.xcworkspacedata"]]],"empty_on_fresh_instance":true,"fields":["name","exists","new"]}]
[2015-10-05 03:17:22.840][debug][command:7ec75811-88a7-4b4e-ad6e-bda6a22a5534][tid:12][com.facebook.buck.util.WatchmanWatcher] Parsing JSON output from Watchman
[2015-10-05 03:17:22.858][info ][command:7ec75811-88a7-4b4e-ad6e-bda6a22a5534][tid:12][com.facebook.buck.util.WatchmanWatcher] Fresh watchman instance detected. Posting overflow event to flush caches.
[2015-10-05 03:17:22.859][debug][command:7ec75811-88a7-4b4e-ad6e-bda6a22a5534][tid:12][com.facebook.buck.util.cache.WatchedFileHashCache] Invalidating all
[2015-10-05 03:17:22.859][debug][command:7ec75811-88a7-4b4e-ad6e-bda6a22a5534][tid:12][com.facebook.buck.parser.Parser] Parser invalidating entire cache on overflow.
[2015-10-05 03:17:22.860][debug][command:7ec75811-88a7-4b4e-ad6e-bda6a22a5534][tid:12][com.facebook.buck.parser.Parser] Invalidating all cached data.
[2015-10-05 03:17:22.860][debug][command:7ec75811-88a7-4b4e-ad6e-bda6a22a5534][tid:12][com.facebook.buck.util.WatchmanWatcher] Posted 0 Watchman events. Waiting for subprocess to exit...
[2015-10-05 03:17:22.860][debug][command:7ec75811-88a7-4b4e-ad6e-bda6a22a5534][tid:12][com.facebook.buck.util.WatchmanWatcher] Watchman exited cleanly.
[2015-10-05 03:17:22.869][info ][command:7ec75811-88a7-4b4e-ad6e-bda6a22a5534][tid:35][com.facebook.buck.event.listener.LoggingBuildListener] Build started at 2015-10-05 03:17:22.836
[2015-10-05 03:17:22.882][debug][command:7ec75811-88a7-4b4e-ad6e-bda6a22a5534][tid:12][com.facebook.buck.parser.Parser] Parser invalidating entire cache on default include change.
[2015-10-05 03:17:22.882][debug][command:7ec75811-88a7-4b4e-ad6e-bda6a22a5534][tid:12][com.facebook.buck.parser.Parser] Invalidating all cached data.
[2015-10-05 03:17:22.882][debug][command:7ec75811-88a7-4b4e-ad6e-bda6a22a5534][tid:12][com.facebook.buck.parser.Parser] Invalidating all cached data.
[2015-10-05 03:17:22.882][debug][command:7ec75811-88a7-4b4e-ad6e-bda6a22a5534][tid:12][com.facebook.buck.parser.Parser] Parsing BUCK file: /Users/liujianying/Desktop/Youment/app/BUCK
[2015-10-05 03:17:22.883][debug][command:7ec75811-88a7-4b4e-ad6e-bda6a22a5534][tid:35][com.facebook.buck.event.listener.LoggingBuildListener] BuckFilesParseStarted()
[2015-10-05 03:17:22.889][debug][command:7ec75811-88a7-4b4e-ad6e-bda6a22a5534][tid:12][com.facebook.buck.json.ProjectBuildFileParser] Creating temporary buck.py instance...
[2015-10-05 03:17:23.087][debug][command:7ec75811-88a7-4b4e-ad6e-bda6a22a5534][tid:12][com.facebook.buck.json.ProjectBuildFileParser] Created temporary buck.py instance at /Users/liujianying/Desktop/Youment/.buckd/tmp/buck_run.h4joV_/buck2631463182101650338.py.
[2015-10-05 03:17:23.089][debug][command:7ec75811-88a7-4b4e-ad6e-bda6a22a5534][tid:12][com.facebook.buck.json.ProjectBuildFileParser] Starting buck.py command: [/usr/bin/python, -u, /Users/liujianying/Desktop/Youment/.buckd/tmp/buck_run.h4joV_/buck2631463182101650338.py, --allow_empty_globs, --watchman_watch_root, /Users/liujianying/Desktop/Youment, --project_root, /Users/liujianying/Desktop/Youment, --build_file_name, BUCK] environment: Optional.of({BUCK_ORIG_TMPDIR=/var/folders/7b/42jm85cx0vld9yqgrqk8r84w0000gn/T/, DISPLAY=/private/tmp/com.apple.launchd.IRhYVCaBnH/org.macosforge.xquartz:0, NAILGUN_FILESEPARATOR=/, VERSIONER_PYTHON_VERSION=2.7, GRADE_HOME=/Users/liujianying/.gradle/wrapper/dists/gradle-2.6/, NAILGUN_TTY_2=1, BBB=/Users/liujianying/jadx/build/jadx/bin/, NAILGUN_TTY_1=1, PATH=/Library/Frameworks/Python.framework/Versions/3.4/bin:/opt/local/bin:/opt/local/sbin:/opt/local/bin:/opt/local/sbin:/opt/local/bin:/opt/local/sbin:/opt/local/bin:/opt/local/sbin:/opt/local/bin:/opt/local/sbin:/opt/local/bin:/opt/local/sbin:/opt/local/bin:/opt/local/sbin:/usr/local/bin:/usr/bin:/bin:/usr/sbin:/sbin:/opt/X11/bin:/usr/local/go/bin:/android_ADT/adt-bundle-mac-x86_64-20140624/sdk/platform-tools:/android_ADT/adt-bundle-mac-x86_64-20140624/sdk/tools:/android_ADT/android-ndk-r10d:/Users/liujianying/.gradle/wrapper/dists/gradle-2.6//bin:/Library/Frameworks/Python.framework/Versions/3.4//bin:/android_ADT/apache-ant-1.9.6//bin:/Users/liujianying/buck//bin:/android_ADT/adt-bundle-mac-x86_64-20140624/sdk/build-tools/23.0.0:/Users/liujianying/jadx/build/jadx/bin//bin, NAILGUN_TTY_0=1, LC_CTYPE=zh_CN.UTF-8, ANDROID_HOME=/android_ADT/adt-bundle-mac-x86_64-20140624/sdk/build-tools/23.0.0, LOGNAME=liujianying, ANT_HOME=/android_ADT/apache-ant-1.9.6/, BUCK_HOME=/Users/liujianying/buck/, NVM_NODEJS_ORG_MIRROR=https://nodejs.org/dist, SHELL=/bin/bash, __CF_USER_TEXT_ENCODING=0x1F5:0x19:0x34, NVM_IOJS_ORG_MIRROR=https://iojs.org/dist, NVM_RC_VERSION=, HOME=/Users/liujianying, TMPDIR=/var/folders/7b/42jm85cx0vld9yqgrqk8r84w0000gn/T/, PYTHON_HOME=/Library/Frameworks/Python.framework/Versions/3.4/, NAILGUN_PATHSEPARATOR=:, USER=liujianying, TERM=xterm-256color, NVM_DIR=/usr/local/nvm, VERSIONER_PYTHON_PREFER_32_BIT=no})
[2015-10-05 03:17:23.097][debug][command:7ec75811-88a7-4b4e-ad6e-bda6a22a5534][tid:12][com.facebook.buck.json.ProjectBuildFileParser] Started process com.facebook.buck.util.ProcessExecutor$LaunchedProcessImpl@5a4950dd successfully
[2015-10-05 03:17:23.262][debug][command:7ec75811-88a7-4b4e-ad6e-bda6a22a5534][tid:12][com.facebook.buck.json.ProjectBuildFileParser] Parsing output of process com.facebook.buck.util.ProcessExecutor$LaunchedProcessImpl@5a4950dd using format JSON...
[2015-10-05 03:17:23.262][debug][command:7ec75811-88a7-4b4e-ad6e-bda6a22a5534][tid:35][com.facebook.buck.event.listener.LoggingBuildListener] ParseBuckFileStarted(/Users/liujianying/Desktop/Youment/app/BUCK)
[2015-10-05 03:17:23.294][debug][command:7ec75811-88a7-4b4e-ad6e-bda6a22a5534][tid:12][com.facebook.buck.json.ProjectBuildFileParser] Parsed 6 rules from process
[2015-10-05 03:17:23.295][debug][command:7ec75811-88a7-4b4e-ad6e-bda6a22a5534][tid:35][com.facebook.buck.event.listener.LoggingBuildListener] ParseBuckFileFinished(/Users/liujianying/Desktop/Youment/app/BUCK)
[2015-10-05 03:17:23.329][debug][command:7ec75811-88a7-4b4e-ad6e-bda6a22a5534][tid:35][com.facebook.buck.event.listener.LoggingBuildListener] ParseStarted(//app:bin)
[2015-10-05 03:17:23.352][debug][command:7ec75811-88a7-4b4e-ad6e-bda6a22a5534][tid:12][com.facebook.buck.parser.Parser] Parsing BUCK file: /Users/liujianying/Desktop/Youment/.okbuck/app/BUCK
[2015-10-05 03:17:23.352][debug][command:7ec75811-88a7-4b4e-ad6e-bda6a22a5534][tid:35][com.facebook.buck.event.listener.LoggingBuildListener] ParseBuckFileStarted(/Users/liujianying/Desktop/Youment/.okbuck/app/BUCK)
[2015-10-05 03:17:23.353][debug][command:7ec75811-88a7-4b4e-ad6e-bda6a22a5534][tid:12][com.facebook.buck.json.ProjectBuildFileParser] Parsing output of process com.facebook.buck.util.ProcessExecutor$LaunchedProcessImpl@5a4950dd using format JSON...
[2015-10-05 03:17:23.358][debug][command:7ec75811-88a7-4b4e-ad6e-bda6a22a5534][tid:12][com.facebook.buck.json.ProjectBuildFileParser] Parsed 8 rules from process
[2015-10-05 03:17:23.358][debug][command:7ec75811-88a7-4b4e-ad6e-bda6a22a5534][tid:35][com.facebook.buck.event.listener.LoggingBuildListener] ParseBuckFileFinished(/Users/liujianying/Desktop/Youment/.okbuck/app/BUCK)
[2015-10-05 03:17:23.415][debug][command:7ec75811-88a7-4b4e-ad6e-bda6a22a5534][tid:35][com.facebook.buck.event.listener.LoggingBuildListener] ParseFinished(//app:bin)
[2015-10-05 03:17:23.416][debug][command:7ec75811-88a7-4b4e-ad6e-bda6a22a5534][tid:12][com.facebook.buck.json.ProjectBuildFileParser] Waiting for process com.facebook.buck.util.ProcessExecutor$LaunchedProcessImpl@5a4950dd to exit...
[2015-10-05 03:17:23.416][debug][command:7ec75811-88a7-4b4e-ad6e-bda6a22a5534][tid:35][com.facebook.buck.event.listener.LoggingBuildListener] ParsingProgressUpdated(progress=1.0)
[2015-10-05 03:17:23.416][debug][command:7ec75811-88a7-4b4e-ad6e-bda6a22a5534][tid:12][com.facebook.buck.json.ProjectBuildFileParser] Process com.facebook.buck.util.ProcessExecutor$LaunchedProcessImpl@5a4950dd exited cleanly.
[2015-10-05 03:17:23.418][debug][command:7ec75811-88a7-4b4e-ad6e-bda6a22a5534][tid:35][com.facebook.buck.event.listener.LoggingBuildListener] BuckFilesParseFinished()
[2015-10-05 03:17:23.425][debug][command:7ec75811-88a7-4b4e-ad6e-bda6a22a5534][tid:35][com.facebook.buck.event.listener.LoggingBuildListener] BuildActionGraphStarted()
[2015-10-05 03:17:23.496][debug][command:7ec75811-88a7-4b4e-ad6e-bda6a22a5534][tid:35][com.facebook.buck.event.listener.LoggingBuildListener] BuildActionGraphProcessed(1 of 11)
[2015-10-05 03:17:23.506][debug][command:7ec75811-88a7-4b4e-ad6e-bda6a22a5534][tid:35][com.facebook.buck.event.listener.LoggingBuildListener] BuildActionGraphProcessed(2 of 11)
[2015-10-05 03:17:23.517][debug][command:7ec75811-88a7-4b4e-ad6e-bda6a22a5534][tid:35][com.facebook.buck.event.listener.LoggingBuildListener] BuildActionGraphProcessed(3 of 11)
[2015-10-05 03:17:23.518][debug][command:7ec75811-88a7-4b4e-ad6e-bda6a22a5534][tid:35][com.facebook.buck.event.listener.LoggingBuildListener] BuildActionGraphProcessed(4 of 11)
[2015-10-05 03:17:23.518][debug][command:7ec75811-88a7-4b4e-ad6e-bda6a22a5534][tid:35][com.facebook.buck.event.listener.LoggingBuildListener] BuildActionGraphProcessed(5 of 11)
[2015-10-05 03:17:23.519][debug][command:7ec75811-88a7-4b4e-ad6e-bda6a22a5534][tid:35][com.facebook.buck.event.listener.LoggingBuildListener] BuildActionGraphProcessed(6 of 11)
[2015-10-05 03:17:23.520][debug][command:7ec75811-88a7-4b4e-ad6e-bda6a22a5534][tid:35][com.facebook.buck.event.listener.LoggingBuildListener] BuildActionGraphProcessed(7 of 11)
[2015-10-05 03:17:23.532][debug][command:7ec75811-88a7-4b4e-ad6e-bda6a22a5534][tid:35][com.facebook.buck.event.listener.LoggingBuildListener] BuildActionGraphProcessed(8 of 11)
[2015-10-05 03:17:23.533][debug][command:7ec75811-88a7-4b4e-ad6e-bda6a22a5534][tid:35][com.facebook.buck.event.listener.LoggingBuildListener] BuildActionGraphProcessed(9 of 11)
[2015-10-05 03:17:23.535][debug][command:7ec75811-88a7-4b4e-ad6e-bda6a22a5534][tid:35][com.facebook.buck.event.listener.LoggingBuildListener] BuildActionGraphProcessed(10 of 11)
[2015-10-05 03:17:23.591][debug][command:7ec75811-88a7-4b4e-ad6e-bda6a22a5534][tid:35][com.facebook.buck.event.listener.LoggingBuildListener] BuildActionGraphProcessed(11 of 11)
[2015-10-05 03:17:23.593][debug][command:7ec75811-88a7-4b4e-ad6e-bda6a22a5534][tid:35][com.facebook.buck.event.listener.LoggingBuildListener] BuildActionGraphFinished()
[2015-10-05 03:17:23.656][debug][command:7ec75811-88a7-4b4e-ad6e-bda6a22a5534][tid:35][com.facebook.buck.event.listener.LoggingBuildListener] RuleCountCalculated(//app:bin)
[2015-10-05 03:17:23.656][debug][command:7ec75811-88a7-4b4e-ad6e-bda6a22a5534][tid:35][com.facebook.buck.event.listener.LoggingBuildListener] BuildProgressUpdated(progress=0.0)
[2015-10-05 03:17:23.749][debug][command:7ec75811-88a7-4b4e-ad6e-bda6a22a5534][tid:35][com.facebook.buck.event.listener.LoggingBuildListener] BuildProgressUpdated(progress=0.01)
[2015-10-05 03:17:23.751][debug][command:7ec75811-88a7-4b4e-ad6e-bda6a22a5534][tid:35][com.facebook.buck.event.listener.LoggingBuildListener] BuildProgressUpdated(progress=0.02)
[2015-10-05 03:17:23.752][debug][command:7ec75811-88a7-4b4e-ad6e-bda6a22a5534][tid:35][com.facebook.buck.event.listener.LoggingBuildListener] BuildProgressUpdated(progress=0.03)
[2015-10-05 03:17:23.755][debug][command:7ec75811-88a7-4b4e-ad6e-bda6a22a5534][tid:35][com.facebook.buck.event.listener.LoggingBuildListener] BuildProgressUpdated(progress=0.04)
[2015-10-05 03:17:23.758][debug][command:7ec75811-88a7-4b4e-ad6e-bda6a22a5534][tid:35][com.facebook.buck.event.listener.LoggingBuildListener] BuildProgressUpdated(progress=0.05)
[2015-10-05 03:17:23.759][debug][command:7ec75811-88a7-4b4e-ad6e-bda6a22a5534][tid:35][com.facebook.buck.event.listener.LoggingBuildListener] BuildProgressUpdated(progress=0.06)
[2015-10-05 03:17:23.762][debug][command:7ec75811-88a7-4b4e-ad6e-bda6a22a5534][tid:35][com.facebook.buck.event.listener.LoggingBuildListener] BuildProgressUpdated(progress=0.07)
[2015-10-05 03:17:23.763][debug][command:7ec75811-88a7-4b4e-ad6e-bda6a22a5534][tid:35][com.facebook.buck.event.listener.LoggingBuildListener] BuildProgressUpdated(progress=0.08)
[2015-10-05 03:17:23.764][debug][command:7ec75811-88a7-4b4e-ad6e-bda6a22a5534][tid:35][com.facebook.buck.event.listener.LoggingBuildListener] BuildProgressUpdated(progress=0.09)
[2015-10-05 03:17:23.764][debug][command:7ec75811-88a7-4b4e-ad6e-bda6a22a5534][tid:35][com.facebook.buck.event.listener.LoggingBuildListener] BuildProgressUpdated(progress=0.1)
[2015-10-05 03:17:23.765][debug][command:7ec75811-88a7-4b4e-ad6e-bda6a22a5534][tid:35][com.facebook.buck.event.listener.LoggingBuildListener] BuildProgressUpdated(progress=0.11)
[2015-10-05 03:17:23.765][debug][command:7ec75811-88a7-4b4e-ad6e-bda6a22a5534][tid:35][com.facebook.buck.event.listener.LoggingBuildListener] BuildProgressUpdated(progress=0.12)
[2015-10-05 03:17:23.765][debug][command:7ec75811-88a7-4b4e-ad6e-bda6a22a5534][tid:35][com.facebook.buck.event.listener.LoggingBuildListener] ArtifactFetchCacheStarted(fetch:1580b17322b3cc9efce47ce506596996a84d3bb2)
[2015-10-05 03:17:23.769][debug][command:7ec75811-88a7-4b4e-ad6e-bda6a22a5534][tid:35][com.facebook.buck.event.listener.LoggingBuildListener] ArtifactFetchCacheFinished(fetch:1580b17322b3cc9efce47ce506596996a84d3bb2)
[2015-10-05 03:17:23.790][debug][command:7ec75811-88a7-4b4e-ad6e-bda6a22a5534][tid:35][com.facebook.buck.event.listener.LoggingBuildListener] BuildProgressUpdated(progress=0.13)
[2015-10-05 03:17:23.824][debug][command:7ec75811-88a7-4b4e-ad6e-bda6a22a5534][tid:35][com.facebook.buck.event.listener.LoggingBuildListener] BuildProgressUpdated(progress=0.14)
[2015-10-05 03:17:23.825][debug][command:7ec75811-88a7-4b4e-ad6e-bda6a22a5534][tid:35][com.facebook.buck.event.listener.LoggingBuildListener] BuildProgressUpdated(progress=0.15)
[2015-10-05 03:17:23.826][debug][command:7ec75811-88a7-4b4e-ad6e-bda6a22a5534][tid:35][com.facebook.buck.event.listener.LoggingBuildListener] BuildProgressUpdated(progress=0.16)
[2015-10-05 03:17:23.827][debug][command:7ec75811-88a7-4b4e-ad6e-bda6a22a5534][tid:35][com.facebook.buck.event.listener.LoggingBuildListener] ArtifactFetchCacheStarted(fetch:aaf473da8e679bc856a1c162fd506dd8ea4360a5)
[2015-10-05 03:17:23.828][debug][command:7ec75811-88a7-4b4e-ad6e-bda6a22a5534][tid:35][com.facebook.buck.event.listener.LoggingBuildListener] ArtifactFetchCacheFinished(fetch:aaf473da8e679bc856a1c162fd506dd8ea4360a5)
[2015-10-05 03:17:23.829][debug][command:7ec75811-88a7-4b4e-ad6e-bda6a22a5534][tid:35][com.facebook.buck.event.listener.LoggingBuildListener] ArtifactFetchCacheStarted(fetch:7ca54db0442f0c39c084ae03b42a9e53bedbb2e6)
[2015-10-05 03:17:23.830][debug][command:7ec75811-88a7-4b4e-ad6e-bda6a22a5534][tid:35][com.facebook.buck.event.listener.LoggingBuildListener] ArtifactFetchCacheFinished(fetch:7ca54db0442f0c39c084ae03b42a9e53bedbb2e6)
[2015-10-05 03:17:23.831][debug][command:7ec75811-88a7-4b4e-ad6e-bda6a22a5534][tid:35][com.facebook.buck.event.listener.LoggingBuildListener] ArtifactFetchCacheStarted(fetch:69f7eedfcb7548dae8fe2d24321ecb86ba4a23da)
[2015-10-05 03:17:23.832][debug][command:7ec75811-88a7-4b4e-ad6e-bda6a22a5534][tid:35][com.facebook.buck.event.listener.LoggingBuildListener] ArtifactFetchCacheFinished(fetch:69f7eedfcb7548dae8fe2d24321ecb86ba4a23da)
[2015-10-05 03:17:23.832][debug][command:7ec75811-88a7-4b4e-ad6e-bda6a22a5534][tid:35][com.facebook.buck.event.listener.LoggingBuildListener] BuildProgressUpdated(progress=0.17)
[2015-10-05 03:17:23.833][debug][command:7ec75811-88a7-4b4e-ad6e-bda6a22a5534][tid:35][com.facebook.buck.event.listener.LoggingBuildListener] ArtifactFetchCacheStarted(fetch:399739533cd126989184e28213027581ef759040)
[2015-10-05 03:17:23.834][debug][command:7ec75811-88a7-4b4e-ad6e-bda6a22a5534][tid:35][com.facebook.buck.event.listener.LoggingBuildListener] ArtifactFetchCacheFinished(fetch:399739533cd126989184e28213027581ef759040)
[2015-10-05 03:17:23.835][debug][command:7ec75811-88a7-4b4e-ad6e-bda6a22a5534][tid:35][com.facebook.buck.event.listener.LoggingBuildListener] ArtifactFetchCacheStarted(fetch:30ad1abbb19eeace4dafae59106ce94360edde79)
[2015-10-05 03:17:23.836][debug][command:7ec75811-88a7-4b4e-ad6e-bda6a22a5534][tid:35][com.facebook.buck.event.listener.LoggingBuildListener] ArtifactFetchCacheFinished(fetch:30ad1abbb19eeace4dafae59106ce94360edde79)
[2015-10-05 03:17:23.839][debug][command:7ec75811-88a7-4b4e-ad6e-bda6a22a5534][tid:35][com.facebook.buck.event.listener.LoggingBuildListener] ArtifactFetchCacheStarted(fetch:75c1a6f0148be8e42daf80b5b479d5e9d995ffb3)
[2015-10-05 03:17:23.839][debug][command:7ec75811-88a7-4b4e-ad6e-bda6a22a5534][tid:35][com.facebook.buck.event.listener.LoggingBuildListener] ArtifactFetchCacheFinished(fetch:75c1a6f0148be8e42daf80b5b479d5e9d995ffb3)
[2015-10-05 03:17:23.842][debug][command:7ec75811-88a7-4b4e-ad6e-bda6a22a5534][tid:35][com.facebook.buck.event.listener.LoggingBuildListener] BuildProgressUpdated(progress=0.18)
[2015-10-05 03:17:23.842][debug][command:7ec75811-88a7-4b4e-ad6e-bda6a22a5534][tid:35][com.facebook.buck.event.listener.LoggingBuildListener] ArtifactFetchCacheStarted(fetch:8a763372fa766c29b03f42658d379ff7a0a7e4cc)
[2015-10-05 03:17:23.843][debug][command:7ec75811-88a7-4b4e-ad6e-bda6a22a5534][tid:35][com.facebook.buck.event.listener.LoggingBuildListener] ArtifactFetchCacheFinished(fetch:8a763372fa766c29b03f42658d379ff7a0a7e4cc)
[2015-10-05 03:17:23.844][debug][command:7ec75811-88a7-4b4e-ad6e-bda6a22a5534][tid:35][com.facebook.buck.event.listener.LoggingBuildListener] ArtifactFetchCacheStarted(fetch:6c81f377f79d097aaa5c351c9c9949a3411fd6fd)
[2015-10-05 03:17:23.845][debug][command:7ec75811-88a7-4b4e-ad6e-bda6a22a5534][tid:35][com.facebook.buck.event.listener.LoggingBuildListener] ArtifactFetchCacheFinished(fetch:6c81f377f79d097aaa5c351c9c9949a3411fd6fd)
[2015-10-05 03:17:23.846][debug][command:7ec75811-88a7-4b4e-ad6e-bda6a22a5534][tid:35][com.facebook.buck.event.listener.LoggingBuildListener] BuildProgressUpdated(progress=0.19)
[2015-10-05 03:17:23.847][debug][command:7ec75811-88a7-4b4e-ad6e-bda6a22a5534][tid:35][com.facebook.buck.event.listener.LoggingBuildListener] ArtifactFetchCacheStarted(fetch:12e6226272453f32996a6a04b387d17fdba1e940)
[2015-10-05 03:17:23.848][debug][command:7ec75811-88a7-4b4e-ad6e-bda6a22a5534][tid:35][com.facebook.buck.event.listener.LoggingBuildListener] ArtifactFetchCacheFinished(fetch:12e6226272453f32996a6a04b387d17fdba1e940)
[2015-10-05 03:17:23.849][debug][command:7ec75811-88a7-4b4e-ad6e-bda6a22a5534][tid:35][com.facebook.buck.event.listener.LoggingBuildListener] BuildProgressUpdated(progress=0.2)
[2015-10-05 03:17:23.849][debug][command:7ec75811-88a7-4b4e-ad6e-bda6a22a5534][tid:35][com.facebook.buck.event.listener.LoggingBuildListener] ArtifactFetchCacheStarted(fetch:b1c0d2b02865854d256e168703d01b81971896ab)
[2015-10-05 03:17:23.850][debug][command:7ec75811-88a7-4b4e-ad6e-bda6a22a5534][tid:35][com.facebook.buck.event.listener.LoggingBuildListener] ArtifactFetchCacheFinished(fetch:b1c0d2b02865854d256e168703d01b81971896ab)
[2015-10-05 03:17:23.852][debug][command:7ec75811-88a7-4b4e-ad6e-bda6a22a5534][tid:35][com.facebook.buck.event.listener.LoggingBuildListener] ArtifactFetchCacheStarted(fetch:22eae8670010034605f0ba3b638c14841d7df27c)
[2015-10-05 03:17:23.852][debug][command:7ec75811-88a7-4b4e-ad6e-bda6a22a5534][tid:35][com.facebook.buck.event.listener.LoggingBuildListener] ArtifactFetchCacheFinished(fetch:22eae8670010034605f0ba3b638c14841d7df27c)
[2015-10-05 03:17:23.874][debug][command:7ec75811-88a7-4b4e-ad6e-bda6a22a5534][tid:40][com.facebook.buck.rules.CachingBuildEngine] Building locally: //app:res
[2015-10-05 03:17:23.887][debug][command:7ec75811-88a7-4b4e-ad6e-bda6a22a5534][tid:35][com.facebook.buck.event.listener.LoggingBuildListener] BuildProgressUpdated(progress=0.21)
[2015-10-05 03:17:23.887][debug][command:7ec75811-88a7-4b4e-ad6e-bda6a22a5534][tid:35][com.facebook.buck.event.listener.LoggingBuildListener] BuildProgressUpdated(progress=0.22)
[2015-10-05 03:17:23.893][debug][command:7ec75811-88a7-4b4e-ad6e-bda6a22a5534][tid:40][com.facebook.buck.step.DefaultStepRunner] StepStarted(rm_&&_mkdir)
[2015-10-05 03:17:23.899][debug][command:7ec75811-88a7-4b4e-ad6e-bda6a22a5534][tid:40][com.facebook.buck.step.DefaultStepRunner] StepFinished(rm_&&_mkdir)
[2015-10-05 03:17:23.900][debug][command:7ec75811-88a7-4b4e-ad6e-bda6a22a5534][tid:40][com.facebook.buck.step.DefaultStepRunner] StepStarted(generate_resource_ids)
[2015-10-05 03:17:23.906][debug][command:7ec75811-88a7-4b4e-ad6e-bda6a22a5534][tid:39][com.facebook.buck.rules.CachingBuildEngine] Building locally: //.okbuck/app:jars__support-annotations-23.0.1.jar#dex
[2015-10-05 03:17:23.907][debug][command:7ec75811-88a7-4b4e-ad6e-bda6a22a5534][tid:35][com.facebook.buck.event.listener.LoggingBuildListener] BuildProgressUpdated(progress=0.23)
[2015-10-05 03:17:23.917][debug][command:7ec75811-88a7-4b4e-ad6e-bda6a22a5534][tid:35][com.facebook.buck.event.listener.LoggingBuildListener] ArtifactFetchCacheStarted(fetch:266b996450daad7f4f38b8403f9f3cefcbb80c03)
[2015-10-05 03:17:23.918][debug][command:7ec75811-88a7-4b4e-ad6e-bda6a22a5534][tid:35][com.facebook.buck.event.listener.LoggingBuildListener] ArtifactFetchCacheFinished(fetch:266b996450daad7f4f38b8403f9f3cefcbb80c03)
[2015-10-05 03:17:23.922][debug][command:7ec75811-88a7-4b4e-ad6e-bda6a22a5534][tid:39][com.facebook.buck.step.DefaultStepRunner] StepStarted(rm)
[2015-10-05 03:17:23.922][debug][command:7ec75811-88a7-4b4e-ad6e-bda6a22a5534][tid:35][com.facebook.buck.event.listener.LoggingBuildListener] ArtifactFetchCacheStarted(fetch:414c1df7a76f3d9b795a23e24451d9fdcf34b99b)
[2015-10-05 03:17:23.922][debug][command:7ec75811-88a7-4b4e-ad6e-bda6a22a5534][tid:39][com.facebook.buck.step.DefaultStepRunner] StepFinished(rm)
[2015-10-05 03:17:23.923][debug][command:7ec75811-88a7-4b4e-ad6e-bda6a22a5534][tid:35][com.facebook.buck.event.listener.LoggingBuildListener] ArtifactFetchCacheFinished(fetch:414c1df7a76f3d9b795a23e24451d9fdcf34b99b)
[2015-10-05 03:17:23.923][debug][command:7ec75811-88a7-4b4e-ad6e-bda6a22a5534][tid:39][com.facebook.buck.step.DefaultStepRunner] StepStarted(mkdir)
[2015-10-05 03:17:23.924][debug][command:7ec75811-88a7-4b4e-ad6e-bda6a22a5534][tid:39][com.facebook.buck.step.DefaultStepRunner] StepFinished(mkdir)
[2015-10-05 03:17:23.924][debug][command:7ec75811-88a7-4b4e-ad6e-bda6a22a5534][tid:35][com.facebook.buck.event.listener.LoggingBuildListener] ArtifactFetchCacheStarted(fetch:1c01e07188d2c361a150e540e3b1fe521b664df5)
[2015-10-05 03:17:23.924][debug][command:7ec75811-88a7-4b4e-ad6e-bda6a22a5534][tid:39][com.facebook.buck.step.DefaultStepRunner] StepStarted(estimate_linear_alloc)
[2015-10-05 03:17:23.925][debug][command:7ec75811-88a7-4b4e-ad6e-bda6a22a5534][tid:35][com.facebook.buck.event.listener.LoggingBuildListener] ArtifactFetchCacheFinished(fetch:1c01e07188d2c361a150e540e3b1fe521b664df5)
[2015-10-05 03:17:23.929][debug][command:7ec75811-88a7-4b4e-ad6e-bda6a22a5534][tid:35][com.facebook.buck.event.listener.LoggingBuildListener] ArtifactFetchCacheStarted(fetch:81dfff80f1d2cc8607d76228ecaacbd68eb27ea1)
[2015-10-05 03:17:23.930][debug][command:7ec75811-88a7-4b4e-ad6e-bda6a22a5534][tid:41][com.facebook.buck.rules.CachingBuildEngine] Building locally: //.okbuck/app:aar__appcompat-v7-23.0.1.aar#abi
[2015-10-05 03:17:23.932][debug][command:7ec75811-88a7-4b4e-ad6e-bda6a22a5534][tid:35][com.facebook.buck.event.listener.LoggingBuildListener] ArtifactFetchCacheFinished(fetch:81dfff80f1d2cc8607d76228ecaacbd68eb27ea1)
[2015-10-05 03:17:23.933][debug][command:7ec75811-88a7-4b4e-ad6e-bda6a22a5534][tid:41][com.facebook.buck.step.DefaultStepRunner] StepStarted(mkdir)
[2015-10-05 03:17:23.933][debug][command:7ec75811-88a7-4b4e-ad6e-bda6a22a5534][tid:35][com.facebook.buck.event.listener.LoggingBuildListener] ArtifactFetchCacheStarted(fetch:4d9420390bbe690f5d89715b41f5225dbbe38f91)
[2015-10-05 03:17:23.934][debug][command:7ec75811-88a7-4b4e-ad6e-bda6a22a5534][tid:41][com.facebook.buck.step.DefaultStepRunner] StepFinished(mkdir)
[2015-10-05 03:17:23.934][debug][command:7ec75811-88a7-4b4e-ad6e-bda6a22a5534][tid:35][com.facebook.buck.event.listener.LoggingBuildListener] ArtifactFetchCacheFinished(fetch:4d9420390bbe690f5d89715b41f5225dbbe38f91)
[2015-10-05 03:17:23.936][debug][command:7ec75811-88a7-4b4e-ad6e-bda6a22a5534][tid:41][com.facebook.buck.step.DefaultStepRunner] StepStarted(rm)
[2015-10-05 03:17:23.937][debug][command:7ec75811-88a7-4b4e-ad6e-bda6a22a5534][tid:35][com.facebook.buck.event.listener.LoggingBuildListener] ArtifactFetchCacheStarted(fetch:c81aa1d3d4c3765683f99a8a3230e25582fb7cb5)
[2015-10-05 03:17:23.937][debug][command:7ec75811-88a7-4b4e-ad6e-bda6a22a5534][tid:41][com.facebook.buck.step.DefaultStepRunner] StepFinished(rm)
[2015-10-05 03:17:23.938][debug][command:7ec75811-88a7-4b4e-ad6e-bda6a22a5534][tid:35][com.facebook.buck.event.listener.LoggingBuildListener] ArtifactFetchCacheFinished(fetch:c81aa1d3d4c3765683f99a8a3230e25582fb7cb5)
[2015-10-05 03:17:23.938][debug][command:7ec75811-88a7-4b4e-ad6e-bda6a22a5534][tid:41][com.facebook.buck.step.DefaultStepRunner] StepStarted(calculate_abi)
[2015-10-05 03:17:23.939][debug][command:7ec75811-88a7-4b4e-ad6e-bda6a22a5534][tid:35][com.facebook.buck.event.listener.LoggingBuildListener] ArtifactFetchCacheStarted(fetch:0f4dd3a36de2a90876fd9e2893b628dbe5c8e694)
[2015-10-05 03:17:23.940][debug][command:7ec75811-88a7-4b4e-ad6e-bda6a22a5534][tid:35][com.facebook.buck.event.listener.LoggingBuildListener] ArtifactFetchCacheFinished(fetch:0f4dd3a36de2a90876fd9e2893b628dbe5c8e694)
[2015-10-05 03:17:23.941][debug][command:7ec75811-88a7-4b4e-ad6e-bda6a22a5534][tid:39][com.facebook.buck.step.DefaultStepRunner] StepFinished(estimate_linear_alloc)
[2015-10-05 03:17:23.952][debug][command:7ec75811-88a7-4b4e-ad6e-bda6a22a5534][tid:35][com.facebook.buck.event.listener.LoggingBuildListener] ArtifactFetchCacheStarted(fetch:8f89c149e644652ed5913d86963b7a0600dba1ec)
[2015-10-05 03:17:23.953][debug][command:7ec75811-88a7-4b4e-ad6e-bda6a22a5534][tid:35][com.facebook.buck.event.listener.LoggingBuildListener] ArtifactFetchCacheFinished(fetch:8f89c149e644652ed5913d86963b7a0600dba1ec)
[2015-10-05 03:17:23.955][debug][command:7ec75811-88a7-4b4e-ad6e-bda6a22a5534][tid:42][com.facebook.buck.rules.CachingBuildEngine] Building locally: //.okbuck/app:aar__support-v4-23.0.1.aar#abi
[2015-10-05 03:17:23.957][debug][command:7ec75811-88a7-4b4e-ad6e-bda6a22a5534][tid:35][com.facebook.buck.event.listener.LoggingBuildListener] ArtifactFetchCacheStarted(fetch:41dbdf49e818ab47240931c8ddb3570e946f6116)
[2015-10-05 03:17:23.958][debug][command:7ec75811-88a7-4b4e-ad6e-bda6a22a5534][tid:42][com.facebook.buck.step.DefaultStepRunner] StepStarted(mkdir)
[2015-10-05 03:17:23.959][debug][command:7ec75811-88a7-4b4e-ad6e-bda6a22a5534][tid:42][com.facebook.buck.step.DefaultStepRunner] StepFinished(mkdir)
[2015-10-05 03:17:23.959][debug][command:7ec75811-88a7-4b4e-ad6e-bda6a22a5534][tid:42][com.facebook.buck.step.DefaultStepRunner] StepStarted(rm)
[2015-10-05 03:17:23.959][debug][command:7ec75811-88a7-4b4e-ad6e-bda6a22a5534][tid:35][com.facebook.buck.event.listener.LoggingBuildListener] ArtifactFetchCacheFinished(fetch:41dbdf49e818ab47240931c8ddb3570e946f6116)
[2015-10-05 03:17:23.955][debug][command:7ec75811-88a7-4b4e-ad6e-bda6a22a5534][tid:39][com.facebook.buck.shell.ShellStep] Command: /Users/liujianying/buck/third-party/java/dx/etc/dx --dex --no-optimize --force-jumbo --output /Users/liujianying/Desktop/Youment/buck-out/gen/.okbuck/app/jars__support-annotations-23.0.1.jar#dex.dex.jar /Users/liujianying/Desktop/Youment/buck-out/gen/.okbuck/app/jars__support-annotations-23.0.1.jar.jar
[2015-10-05 03:17:23.960][debug][command:7ec75811-88a7-4b4e-ad6e-bda6a22a5534][tid:42][com.facebook.buck.step.DefaultStepRunner] StepFinished(rm)
[2015-10-05 03:17:23.961][debug][command:7ec75811-88a7-4b4e-ad6e-bda6a22a5534][tid:42][com.facebook.buck.step.DefaultStepRunner] StepStarted(calculate_abi)
[2015-10-05 03:17:23.961][debug][command:7ec75811-88a7-4b4e-ad6e-bda6a22a5534][tid:39][com.facebook.buck.step.DefaultStepRunner] StepStarted(dx)
[2015-10-05 03:17:23.964][debug][command:7ec75811-88a7-4b4e-ad6e-bda6a22a5534][tid:35][com.facebook.buck.event.listener.LoggingBuildListener] BuildProgressUpdated(progress=0.24)
[2015-10-05 03:17:23.964][debug][command:7ec75811-88a7-4b4e-ad6e-bda6a22a5534][tid:35][com.facebook.buck.event.listener.LoggingBuildListener] ArtifactFetchCacheStarted(fetch:a8e9967878e0e3b89480904ac8b9485636c6a46d)
[2015-10-05 03:17:23.972][debug][command:7ec75811-88a7-4b4e-ad6e-bda6a22a5534][tid:35][com.facebook.buck.event.listener.LoggingBuildListener] ArtifactFetchCacheFinished(fetch:a8e9967878e0e3b89480904ac8b9485636c6a46d)
[2015-10-05 03:17:23.974][debug][command:7ec75811-88a7-4b4e-ad6e-bda6a22a5534][tid:35][com.facebook.buck.event.listener.LoggingBuildListener] BuildProgressUpdated(progress=0.25)
[2015-10-05 03:17:23.975][debug][command:7ec75811-88a7-4b4e-ad6e-bda6a22a5534][tid:35][com.facebook.buck.event.listener.LoggingBuildListener] BuildProgressUpdated(progress=0.26)
[2015-10-05 03:17:23.984][debug][command:7ec75811-88a7-4b4e-ad6e-bda6a22a5534][tid:35][com.facebook.buck.event.listener.LoggingBuildListener] BuildProgressUpdated(progress=0.27)
[2015-10-05 03:17:23.985][debug][command:7ec75811-88a7-4b4e-ad6e-bda6a22a5534][tid:35][com.facebook.buck.event.listener.LoggingBuildListener] BuildProgressUpdated(progress=0.28)
[2015-10-05 03:17:23.986][debug][command:7ec75811-88a7-4b4e-ad6e-bda6a22a5534][tid:35][com.facebook.buck.event.listener.LoggingBuildListener] BuildProgressUpdated(progress=0.29)
[2015-10-05 03:17:23.987][debug][command:7ec75811-88a7-4b4e-ad6e-bda6a22a5534][tid:35][com.facebook.buck.event.listener.LoggingBuildListener] ArtifactFetchCacheStarted(fetch:3c8fb15adac621b406d3c204a7eb8a73215363f8)
[2015-10-05 03:17:23.987][debug][command:7ec75811-88a7-4b4e-ad6e-bda6a22a5534][tid:35][com.facebook.buck.event.listener.LoggingBuildListener] ArtifactFetchCacheFinished(fetch:3c8fb15adac621b406d3c204a7eb8a73215363f8)
[2015-10-05 03:17:23.988][debug][command:7ec75811-88a7-4b4e-ad6e-bda6a22a5534][tid:35][com.facebook.buck.event.listener.LoggingBuildListener] BuildProgressUpdated(progress=0.3)
[2015-10-05 03:17:23.989][debug][command:7ec75811-88a7-4b4e-ad6e-bda6a22a5534][tid:35][com.facebook.buck.event.listener.LoggingBuildListener] BuildProgressUpdated(progress=0.31)
[2015-10-05 03:17:23.990][debug][command:7ec75811-88a7-4b4e-ad6e-bda6a22a5534][tid:35][com.facebook.buck.event.listener.LoggingBuildListener] BuildProgressUpdated(progress=0.32)
[2015-10-05 03:17:23.990][debug][command:7ec75811-88a7-4b4e-ad6e-bda6a22a5534][tid:35][com.facebook.buck.event.listener.LoggingBuildListener] BuildProgressUpdated(progress=0.33)
[2015-10-05 03:17:23.991][debug][command:7ec75811-88a7-4b4e-ad6e-bda6a22a5534][tid:35][com.facebook.buck.event.listener.LoggingBuildListener] ArtifactFetchCacheStarted(fetch:5db76e465d6f052c24bbf42076daee62fdba6e86)
[2015-10-05 03:17:23.991][debug][command:7ec75811-88a7-4b4e-ad6e-bda6a22a5534][tid:35][com.facebook.buck.event.listener.LoggingBuildListener] ArtifactFetchCacheFinished(fetch:5db76e465d6f052c24bbf42076daee62fdba6e86)
[2015-10-05 03:17:23.992][debug][command:7ec75811-88a7-4b4e-ad6e-bda6a22a5534][tid:35][com.facebook.buck.event.listener.LoggingBuildListener] BuildProgressUpdated(progress=0.34)
[2015-10-05 03:17:23.993][debug][command:7ec75811-88a7-4b4e-ad6e-bda6a22a5534][tid:35][com.facebook.buck.event.listener.LoggingBuildListener] BuildProgressUpdated(progress=0.35)
[2015-10-05 03:17:23.993][debug][command:7ec75811-88a7-4b4e-ad6e-bda6a22a5534][tid:35][com.facebook.buck.event.listener.LoggingBuildListener] BuildProgressUpdated(progress=0.36)
[2015-10-05 03:17:23.994][debug][command:7ec75811-88a7-4b4e-ad6e-bda6a22a5534][tid:35][com.facebook.buck.event.listener.LoggingBuildListener] BuildProgressUpdated(progress=0.37)
[2015-10-05 03:17:24.015][debug][command:7ec75811-88a7-4b4e-ad6e-bda6a22a5534][tid:38][com.facebook.buck.rules.CachingBuildEngine] Building locally: //.okbuck/app:aar__appcompat-v7-23.0.1.aar#aar_prebuilt_jar,dex
[2015-10-05 03:17:24.016][debug][command:7ec75811-88a7-4b4e-ad6e-bda6a22a5534][tid:38][com.facebook.buck.step.DefaultStepRunner] StepStarted(rm)
[2015-10-05 03:17:24.017][debug][command:7ec75811-88a7-4b4e-ad6e-bda6a22a5534][tid:38][com.facebook.buck.step.DefaultStepRunner] StepFinished(rm)
[2015-10-05 03:17:24.017][debug][command:7ec75811-88a7-4b4e-ad6e-bda6a22a5534][tid:38][com.facebook.buck.step.DefaultStepRunner] StepStarted(mkdir)
[2015-10-05 03:17:24.018][debug][command:7ec75811-88a7-4b4e-ad6e-bda6a22a5534][tid:38][com.facebook.buck.step.DefaultStepRunner] StepFinished(mkdir)
[2015-10-05 03:17:24.019][debug][command:7ec75811-88a7-4b4e-ad6e-bda6a22a5534][tid:38][com.facebook.buck.step.DefaultStepRunner] StepStarted(estimate_linear_alloc)
[2015-10-05 03:17:24.024][debug][command:7ec75811-88a7-4b4e-ad6e-bda6a22a5534][tid:38][com.facebook.buck.step.DefaultStepRunner] StepFinished(estimate_linear_alloc)
[2015-10-05 03:17:24.024][debug][command:7ec75811-88a7-4b4e-ad6e-bda6a22a5534][tid:38][com.facebook.buck.shell.ShellStep] Command: /Users/liujianying/buck/third-party/java/dx/etc/dx --dex --no-optimize --force-jumbo --output /Users/liujianying/Desktop/Youment/buck-out/gen/.okbuck/app/aar__appcompat-v7-23.0.1.aar#aar_prebuilt_jar,dex.dex.jar /Users/liujianying/Desktop/Youment/buck-out/gen/.okbuck/app/aar__appcompat-v7-23.0.1.aar#aar_prebuilt_jar.jar
[2015-10-05 03:17:24.025][debug][command:7ec75811-88a7-4b4e-ad6e-bda6a22a5534][tid:38][com.facebook.buck.step.DefaultStepRunner] StepStarted(dx)
[2015-10-05 03:17:24.029][debug][command:7ec75811-88a7-4b4e-ad6e-bda6a22a5534][tid:40][com.facebook.buck.step.DefaultStepRunner] StepFinished(generate_resource_ids)
[2015-10-05 03:17:24.029][warn ][command:7ec75811-88a7-4b4e-ad6e-bda6a22a5534][tid:35][com.facebook.buck.event.listener.LoggingBuildListener] The following resources were not found when processing app/src/main/res: 
RDotTxtEntry{idType=int, type=string, name=appbar_scrolling_view_behavior, idValue=0x00000000}

java.lang.RuntimeException
java.lang.RuntimeException
	at com.facebook.buck.android.aapt.MiniAapt.execute(MiniAapt.java:154)
	at com.facebook.buck.step.DefaultStepRunner.runStepForBuildTarget(DefaultStepRunner.java:63)
	at com.facebook.buck.rules.CachingBuildEngine.executeCommandsNowThatDepsAreBuilt(CachingBuildEngine.java:967)
	at com.facebook.buck.rules.CachingBuildEngine.access$6(CachingBuildEngine.java:950)
	at com.facebook.buck.rules.CachingBuildEngine$1.apply(CachingBuildEngine.java:367)
	at com.facebook.buck.rules.CachingBuildEngine$1.apply(CachingBuildEngine.java:1)
	at com.google.common.util.concurrent.Futures$ChainingListenableFuture.run(Futures.java:906)
	at com.google.common.util.concurrent.Futures$1$1.run(Futures.java:635)
	at java.util.concurrent.ThreadPoolExecutor.runWorker(ThreadPoolExecutor.java:1145)
	at java.util.concurrent.ThreadPoolExecutor$Worker.run(ThreadPoolExecutor.java:615)
	at java.lang.Thread.run(Thread.java:745)

[2015-10-05 03:17:24.029][debug][command:7ec75811-88a7-4b4e-ad6e-bda6a22a5534][tid:35][com.facebook.buck.event.listener.LoggingBuildListener] The following resources were not found when processing app/src/main/res: 
RDotTxtEntry{idType=int, type=string, name=appbar_scrolling_view_behavior, idValue=0x00000000}

java.lang.RuntimeException
java.lang.RuntimeException
	at com.facebook.buck.android.aapt.MiniAapt.execute(MiniAapt.java:154)
	at com.facebook.buck.step.DefaultStepRunner.runStepForBuildTarget(DefaultStepRunner.java:63)
	at com.facebook.buck.rules.CachingBuildEngine.executeCommandsNowThatDepsAreBuilt(CachingBuildEngine.java:967)
	at com.facebook.buck.rules.CachingBuildEngine.access$6(CachingBuildEngine.java:950)
	at com.facebook.buck.rules.CachingBuildEngine$1.apply(CachingBuildEngine.java:367)
	at com.facebook.buck.rules.CachingBuildEngine$1.apply(CachingBuildEngine.java:1)
	at com.google.common.util.concurrent.Futures$ChainingListenableFuture.run(Futures.java:906)
	at com.google.common.util.concurrent.Futures$1$1.run(Futures.java:635)
	at java.util.concurrent.ThreadPoolExecutor.runWorker(ThreadPoolExecutor.java:1145)
	at java.util.concurrent.ThreadPoolExecutor$Worker.run(ThreadPoolExecutor.java:615)
	at java.lang.Thread.run(Thread.java:745)

[2015-10-05 03:17:24.031][debug][command:7ec75811-88a7-4b4e-ad6e-bda6a22a5534][tid:35][com.facebook.buck.event.listener.LoggingBuildListener] BuildProgressUpdated(progress=0.38)
[2015-10-05 03:17:24.032][debug][command:7ec75811-88a7-4b4e-ad6e-bda6a22a5534][tid:35][com.facebook.buck.event.listener.LoggingBuildListener] BuildProgressUpdated(progress=0.39)
[2015-10-05 03:17:24.046][debug][command:7ec75811-88a7-4b4e-ad6e-bda6a22a5534][tid:35][com.facebook.buck.event.listener.LoggingBuildListener] BuildProgressUpdated(progress=0.4)
[2015-10-05 03:17:24.046][debug][command:7ec75811-88a7-4b4e-ad6e-bda6a22a5534][tid:35][com.facebook.buck.event.listener.LoggingBuildListener] BuildProgressUpdated(progress=0.41)
[2015-10-05 03:17:24.047][debug][command:7ec75811-88a7-4b4e-ad6e-bda6a22a5534][tid:35][com.facebook.buck.event.listener.LoggingBuildListener] BuildProgressUpdated(progress=0.42)
[2015-10-05 03:17:24.047][debug][command:7ec75811-88a7-4b4e-ad6e-bda6a22a5534][tid:35][com.facebook.buck.event.listener.LoggingBuildListener] BuildProgressUpdated(progress=0.43)
[2015-10-05 03:17:24.343][debug][command:7ec75811-88a7-4b4e-ad6e-bda6a22a5534][tid:39][com.facebook.buck.step.DefaultStepRunner] StepFinished(dx)
[2015-10-05 03:17:24.343][debug][command:7ec75811-88a7-4b4e-ad6e-bda6a22a5534][tid:39][com.facebook.buck.step.DefaultStepRunner] StepStarted(zip-scrub)
[2015-10-05 03:17:24.346][debug][command:7ec75811-88a7-4b4e-ad6e-bda6a22a5534][tid:39][com.facebook.buck.step.DefaultStepRunner] StepFinished(zip-scrub)
[2015-10-05 03:17:24.346][debug][command:7ec75811-88a7-4b4e-ad6e-bda6a22a5534][tid:39][com.facebook.buck.step.DefaultStepRunner] StepStarted(record_dx_success)
[2015-10-05 03:17:24.420][debug][command:7ec75811-88a7-4b4e-ad6e-bda6a22a5534][tid:39][com.facebook.buck.step.DefaultStepRunner] StepFinished(record_dx_success)
[2015-10-05 03:17:24.420][debug][command:7ec75811-88a7-4b4e-ad6e-bda6a22a5534][tid:39][com.facebook.buck.rules.CachingBuildEngine] Build completed: dex_produced_from_java_library //.okbuck/app:jars__support-annotations-23.0.1.jar#dex (514176000ns)
[2015-10-05 03:17:24.433][debug][command:7ec75811-88a7-4b4e-ad6e-bda6a22a5534][tid:35][com.facebook.buck.event.listener.LoggingBuildListener] BuildProgressUpdated(progress=0.45)
[2015-10-05 03:17:24.540][debug][command:7ec75811-88a7-4b4e-ad6e-bda6a22a5534][tid:41][com.facebook.buck.step.DefaultStepRunner] StepFinished(calculate_abi)
[2015-10-05 03:17:24.540][debug][command:7ec75811-88a7-4b4e-ad6e-bda6a22a5534][tid:41][com.facebook.buck.rules.CachingBuildEngine] Build completed: calculate_abi //.okbuck/app:aar__appcompat-v7-23.0.1.aar#abi (609605000ns)
[2015-10-05 03:17:24.550][debug][command:7ec75811-88a7-4b4e-ad6e-bda6a22a5534][tid:35][com.facebook.buck.event.listener.LoggingBuildListener] BuildProgressUpdated(progress=0.46)
[2015-10-05 03:17:24.952][debug][command:7ec75811-88a7-4b4e-ad6e-bda6a22a5534][tid:42][com.facebook.buck.step.DefaultStepRunner] StepFinished(calculate_abi)
[2015-10-05 03:17:24.952][debug][command:7ec75811-88a7-4b4e-ad6e-bda6a22a5534][tid:42][com.facebook.buck.rules.CachingBuildEngine] Build completed: calculate_abi //.okbuck/app:aar__support-v4-23.0.1.aar#abi (994908000ns)
[2015-10-05 03:17:24.960][debug][command:7ec75811-88a7-4b4e-ad6e-bda6a22a5534][tid:35][com.facebook.buck.event.listener.LoggingBuildListener] BuildProgressUpdated(progress=0.47)
[2015-10-05 03:17:24.962][debug][command:7ec75811-88a7-4b4e-ad6e-bda6a22a5534][tid:35][com.facebook.buck.event.listener.LoggingBuildListener] BuildProgressUpdated(progress=0.48)
[2015-10-05 03:17:24.962][debug][command:7ec75811-88a7-4b4e-ad6e-bda6a22a5534][tid:35][com.facebook.buck.event.listener.LoggingBuildListener] BuildProgressUpdated(progress=0.49)
[2015-10-05 03:17:24.963][debug][command:7ec75811-88a7-4b4e-ad6e-bda6a22a5534][tid:35][com.facebook.buck.event.listener.LoggingBuildListener] BuildProgressUpdated(progress=0.5)
[2015-10-05 03:17:24.970][debug][command:7ec75811-88a7-4b4e-ad6e-bda6a22a5534][tid:35][com.facebook.buck.event.listener.LoggingBuildListener] BuildProgressUpdated(progress=0.51)
[2015-10-05 03:17:28.813][debug][command:7ec75811-88a7-4b4e-ad6e-bda6a22a5534][tid:38][com.facebook.buck.step.DefaultStepRunner] StepFinished(dx)
[2015-10-05 03:17:28.822][debug][command:7ec75811-88a7-4b4e-ad6e-bda6a22a5534][tid:38][com.facebook.buck.step.DefaultStepRunner] StepStarted(zip-scrub)
[2015-10-05 03:17:28.822][debug][command:7ec75811-88a7-4b4e-ad6e-bda6a22a5534][tid:38][com.facebook.buck.step.DefaultStepRunner] StepFinished(zip-scrub)
[2015-10-05 03:17:28.823][debug][command:7ec75811-88a7-4b4e-ad6e-bda6a22a5534][tid:38][com.facebook.buck.step.DefaultStepRunner] StepStarted(record_dx_success)
[2015-10-05 03:17:28.835][debug][command:7ec75811-88a7-4b4e-ad6e-bda6a22a5534][tid:38][com.facebook.buck.step.DefaultStepRunner] StepFinished(record_dx_success)
[2015-10-05 03:17:28.836][debug][command:7ec75811-88a7-4b4e-ad6e-bda6a22a5534][tid:38][com.facebook.buck.rules.CachingBuildEngine] Build completed: dex_produced_from_java_library //.okbuck/app:aar__appcompat-v7-23.0.1.aar#aar_prebuilt_jar,dex (4820385000ns)
[2015-10-05 03:17:28.872][debug][command:7ec75811-88a7-4b4e-ad6e-bda6a22a5534][tid:35][com.facebook.buck.event.listener.LoggingBuildListener] BuildProgressUpdated(progress=0.52)
[2015-10-05 03:17:28.884][debug][command:7ec75811-88a7-4b4e-ad6e-bda6a22a5534][tid:35][com.facebook.buck.event.listener.LoggingBuildListener] BuildProgressUpdated(progress=0.53)
[2015-10-05 03:17:28.884][debug][command:7ec75811-88a7-4b4e-ad6e-bda6a22a5534][tid:12][com.facebook.buck.parser.Parser] Cleaning cache of build files with inputs under symlink []
[2015-10-05 03:17:28.884][warn ][command:7ec75811-88a7-4b4e-ad6e-bda6a22a5534][tid:35][com.facebook.buck.event.listener.LoggingBuildListener] BUILD FAILED: //app:res failed with exit code 1:
generate_resource_ids
[2015-10-05 03:17:28.885][info ][command:7ec75811-88a7-4b4e-ad6e-bda6a22a5534][tid:35][com.facebook.buck.event.listener.LoggingBuildListener] Build finished at 2015-10-05 03:17:28.883
[2015-10-05 03:17:28.885][debug][command:7ec75811-88a7-4b4e-ad6e-bda6a22a5534][tid:35][com.facebook.buck.event.listener.LoggingBuildListener] CommandFinished(build, isDaemon: true)
[2015-10-05 03:17:28.886][debug][command:7ec75811-88a7-4b4e-ad6e-bda6a22a5534][tid:12][com.facebook.buck.event.listener.SuperConsoleEventBusListener] Stopping render scheduler
[2015-10-05 03:17:28.888][debug][command:7ec75811-88a7-4b4e-ad6e-bda6a22a5534][tid:12][com.facebook.buck.event.listener.ChromeTraceBuildListener] Writing Chrome trace to buck-out/log/traces/build.2015-10-05.03-17-22.7ec75811-88a7-4b4e-ad6e-bda6a22a5534.trace
[2015-10-05 03:17:29.116][debug][command:7ec75811-88a7-4b4e-ad6e-bda6a22a5534][tid:12][com.facebook.buck.cli.Main] Done.
[2015-10-05 11:37:02.275][debug][command:c2776cce-03cb-4021-b9e9-b284467fd727][tid:46][com.facebook.buck.cli.Main] Rotating log.
